Build started 2/27/2014 3:35:54 PM.
     1>Project "C:\Users\KarteekKumar\Documents\GitHub\MountainTerrain\src\MountainTerrain\MountainTerrain\MountainTerrain.vcxproj" on node 2 (Build target(s)).
     1>InitializeBuildStatus:
         Touching "Debug\MountainTerrain.unsuccessfulbuild".
       FxCompile:
         All outputs are up-to-date.
       ClCompile:
         C:\Program Files (x86)\Microsoft Visual Studio 11.0\VC\bin\CL.exe /c /ZI /nologo /W3 /WX- /Od /Oy- /D WIN32 /D _DEBUG /D _WINDOWS /D _UNICODE /D UNICODE /Gm /EHsc /RTC1 /MDd /GS /fp:precise /Zc:wchar_t /Zc:forScope /Fo"Debug\\" /Fd"Debug\vc110.pdb" /Gd /TP /analyze- /errorReport:prompt Source\MT_Main.cpp Source\MT_Renderer.cpp Source\MT_Scene.cpp Source\MT_Shader.cpp Source\MT_Window.cpp
         MT_Window.cpp
         MT_Shader.cpp
         MT_Scene.cpp
         MT_Renderer.cpp
         MT_Main.cpp
         Generating Code...
       Link:
         C:\Program Files (x86)\Microsoft Visual Studio 11.0\VC\bin\link.exe /ERRORREPORT:PROMPT /OUT:"C:\Users\KarteekKumar\Documents\GitHub\MountainTerrain\src\MountainTerrain\Debug\MountainTerrain.exe" /INCREMENTAL /NOLOGO kernel32.lib user32.lib gdi32.lib winspool.lib comdlg32.lib advapi32.lib shell32.lib ole32.lib oleaut32.lib uuid.lib odbc32.lib odbccp32.lib /MANIFEST /MANIFESTUAC:"level='asInvoker' uiAccess='false'" /manifest:embed /DEBUG /PDB:"C:\Users\KarteekKumar\Documents\GitHub\MountainTerrain\src\MountainTerrain\Debug\MountainTerrain.pdb" /SUBSYSTEM:WINDOWS /TLBID:1 /DYNAMICBASE /NXCOMPAT /IMPLIB:"C:\Users\KarteekKumar\Documents\GitHub\MountainTerrain\src\MountainTerrain\Debug\MountainTerrain.lib" /MACHINE:X86 Debug\MT_Main.obj
         Debug\MT_Renderer.obj
         Debug\MT_Scene.obj
         Debug\MT_Shader.obj
         Debug\MT_Window.obj
         MountainTerrain.vcxproj -> C:\Users\KarteekKumar\Documents\GitHub\MountainTerrain\src\MountainTerrain\Debug\MountainTerrain.exe
       FinalizeBuildStatus:
         Deleting file "Debug\MountainTerrain.unsuccessfulbuild".
         Touching "Debug\MountainTerrain.lastbuildstate".
     1>Done Building Project "C:\Users\KarteekKumar\Documents\GitHub\MountainTerrain\src\MountainTerrain\MountainTerrain\MountainTerrain.vcxproj" (Build target(s)).

Build succeeded.

Time Elapsed 00:00:05.73
