C:\USERS\KARTEEKKUMAR\DOCUMENTS\VISUAL STUDIO 2012\PROJECTS\MOUNTAINTERRAIN\MOUNTAINTERRAIN\DEBUG\VC110.PDB
C:\USERS\KARTEEKKUMAR\DOCUMENTS\VISUAL STUDIO 2012\PROJECTS\MOUNTAINTERRAIN\MOUNTAINTERRAIN\DEBUG\MAIN.OBJ
C:\USERS\KARTEEKKUMAR\DOCUMENTS\VISUAL STUDIO 2012\PROJECTS\MOUNTAINTERRAIN\DEBUG\PIXELSHADER.CSO
C:\USERS\KARTEEKKUMAR\DOCUMENTS\VISUAL STUDIO 2012\PROJECTS\MOUNTAINTERRAIN\DEBUG\VERTEXSHADER.CSO
C:\USERS\KARTEEKKUMAR\DOCUMENTS\VISUAL STUDIO 2012\PROJECTS\MOUNTAINTERRAIN\DEBUG\MOUNTAINTERRAIN.ILK
C:\USERS\KARTEEKKUMAR\DOCUMENTS\VISUAL STUDIO 2012\PROJECTS\MOUNTAINTERRAIN\DEBUG\MOUNTAINTERRAIN.EXE
C:\USERS\KARTEEKKUMAR\DOCUMENTS\VISUAL STUDIO 2012\PROJECTS\MOUNTAINTERRAIN\DEBUG\MOUNTAINTERRAIN.PDB
C:\Users\KarteekKumar\documents\visual studio 2012\Projects\MountainTerrain\Debug\PixelShader.cso
C:\Users\KarteekKumar\documents\visual studio 2012\Projects\MountainTerrain\Debug\VertexShader.cso
C:\Users\KarteekKumar\documents\visual studio 2012\Projects\MountainTerrain\MountainTerrain\Debug\Main.obj
C:\Users\KarteekKumar\documents\visual studio 2012\Projects\MountainTerrain\MountainTerrain\Debug\cl.command.1.tlog
C:\Users\KarteekKumar\documents\visual studio 2012\Projects\MountainTerrain\MountainTerrain\Debug\CL.read.1.tlog
C:\Users\KarteekKumar\documents\visual studio 2012\Projects\MountainTerrain\MountainTerrain\Debug\CL.write.1.tlog
C:\Users\KarteekKumar\documents\visual studio 2012\Projects\MountainTerrain\MountainTerrain\Debug\FXC.command.1.tlog
C:\Users\KarteekKumar\documents\visual studio 2012\Projects\MountainTerrain\MountainTerrain\Debug\fxc.read.1.tlog
C:\Users\KarteekKumar\documents\visual studio 2012\Projects\MountainTerrain\MountainTerrain\Debug\fxc.write.1.tlog
C:\Users\KarteekKumar\documents\visual studio 2012\Projects\MountainTerrain\MountainTerrain\Debug\link-cvtres.read.1.tlog
C:\Users\KarteekKumar\documents\visual studio 2012\Projects\MountainTerrain\MountainTerrain\Debug\link-cvtres.write.1.tlog
C:\Users\KarteekKumar\documents\visual studio 2012\Projects\MountainTerrain\MountainTerrain\Debug\link-rc.read.1.tlog
C:\Users\KarteekKumar\documents\visual studio 2012\Projects\MountainTerrain\MountainTerrain\Debug\link-rc.write.1.tlog
C:\Users\KarteekKumar\documents\visual studio 2012\Projects\MountainTerrain\MountainTerrain\Debug\link.command.1.tlog
C:\Users\KarteekKumar\documents\visual studio 2012\Projects\MountainTerrain\MountainTerrain\Debug\link.read.1.tlog
C:\Users\KarteekKumar\documents\visual studio 2012\Projects\MountainTerrain\MountainTerrain\Debug\link.write.1.tlog
C:\Users\KarteekKumar\documents\visual studio 2012\Projects\MountainTerrain\MountainTerrain\Debug\MountainTerrain.write.1.tlog
C:\Users\KarteekKumar\documents\visual studio 2012\Projects\MountainTerrain\MountainTerrain\Debug\vc110.idb
C:\Users\KarteekKumar\documents\visual studio 2012\Projects\MountainTerrain\MountainTerrain\Debug\vc110.pdb
C:\Users\KarteekKumar\documents\visual studio 2012\Projects\MountainTerrain\Debug\MountainTerrain.pdb
C:\Users\KarteekKumar\documents\visual studio 2012\Projects\MountainTerrain\Debug\MountainTerrain.exe
C:\Users\KarteekKumar\documents\visual studio 2012\Projects\MountainTerrain\Debug\MountainTerrain.ilk
